<?xml version="1.0" encoding="UTF-8"?>
<!-- Generated by org.testng.reporters.JUnitReportReporter -->
<testsuite hostname="TIGUNVTIWRL0002" name="bw_dd_testcases.SalesSanity" tests="10" failures="0" timestamp="20 Jan 2017 13:09:27 GMT" time="53.565" errors="0">
  <testcase name="Stg_login" time="5.359" classname="bw_dd_testcases.SalesSanity"/>
  <testcase name="Create_lead" time="3.529" classname="bw_dd_testcases.SalesSanity"/>
  <testcase name="RecordSales" time="6.666" classname="bw_dd_testcases.SalesSanity"/>
  <testcase name="leaddashboard" time="10.241" classname="bw_dd_testcases.SalesSanity"/>
  <testcase name="CreateAccount" time="3.433" classname="bw_dd_testcases.SalesSanity"/>
  <testcase name="CreateExecutive" time="3.542" classname="bw_dd_testcases.SalesSanity"/>
  <testcase name="Invoices" time="8.252" classname="bw_dd_testcases.SalesSanity"/>
  <testcase name="ExecutiveDashboard" time="4.973" classname="bw_dd_testcases.SalesSanity"/>
  <testcase name="ManagePackage" time="3.359" classname="bw_dd_testcases.SalesSanity"/>
  <testcase name="SalesDashboard" time="4.211" classname="bw_dd_testcases.SalesSanity"/>
</testsuite> <!-- bw_dd_testcases.SalesSanity -->
