<?xml version="1.0" encoding="UTF-8"?>
<!-- Generated by org.testng.reporters.JUnitReportReporter -->
<testsuite hostname="TIGUNVTIWRL0002" name="bw_dd_testcases.AdminSanity" tests="3" failures="0" timestamp="24 May 2017 03:59:29 GMT" time="0.000" errors="3">
  <testcase name="login" time="0.000" classname="bw_dd_testcases.AdminSanity"/>
  <testcase name="Createaccount" time="0.000" classname="bw_dd_testcases.AdminSanity"/>
  <testcase name="AdminDashboard" time="0.000" classname="bw_dd_testcases.AdminSanity"/>
</testsuite> <!-- bw_dd_testcases.AdminSanity -->
