<?xml version="1.0" encoding="UTF-8"?>
<!-- Generated by org.testng.reporters.JUnitReportReporter -->
<testsuite hostname="TIGUNVTIWRL0002" name="bw_dd_testcases.PackageSanity" tests="6" failures="0" timestamp="24 May 2017 03:59:29 GMT" time="0.004" errors="6">
  <testcase name="CreateExecutive" time="0.004" classname="bw_dd_testcases.PackageSanity"/>
  <testcase name="CreatePackage" time="0.000" classname="bw_dd_testcases.PackageSanity"/>
  <testcase name="ManagePricing" time="0.000" classname="bw_dd_testcases.PackageSanity"/>
  <testcase name="ExecutiveDashboard" time="0.000" classname="bw_dd_testcases.PackageSanity"/>
  <testcase name="PackageDashboard" time="0.000" classname="bw_dd_testcases.PackageSanity"/>
  <testcase name="login" time="0.000" classname="bw_dd_testcases.PackageSanity"/>
</testsuite> <!-- bw_dd_testcases.PackageSanity -->
