<?xml version="1.0" encoding="UTF-8"?>
<!-- Generated by org.testng.reporters.JUnitReportReporter -->
<testsuite hostname="TIGUNVTIWRL0002" name="bw_dd_testcases.SalesSanity" tests="10" failures="0" timestamp="24 May 2017 03:59:29 GMT" time="0.020" errors="10">
  <testcase name="Invoices" time="0.004" classname="bw_dd_testcases.SalesSanity"/>
  <testcase name="CreateLead" time="0.000" classname="bw_dd_testcases.SalesSanity"/>
  <testcase name="ManageProduct" time="0.000" classname="bw_dd_testcases.SalesSanity"/>
  <testcase name="CreateAccount" time="0.000" classname="bw_dd_testcases.SalesSanity"/>
  <testcase name="SalesDashboard" time="0.000" classname="bw_dd_testcases.SalesSanity"/>
  <testcase name="CreateExecutive" time="0.000" classname="bw_dd_testcases.SalesSanity"/>
  <testcase name="login" time="0.000" classname="bw_dd_testcases.SalesSanity"/>
  <testcase name="ExecutiveDashboard" time="0.004" classname="bw_dd_testcases.SalesSanity"/>
  <testcase name="LeadDashboard" time="0.004" classname="bw_dd_testcases.SalesSanity"/>
  <testcase name="RecordSales" time="0.008" classname="bw_dd_testcases.SalesSanity"/>
</testsuite> <!-- bw_dd_testcases.SalesSanity -->
