<?xml version="1.0" encoding="UTF-8"?>
<!-- Generated by org.testng.reporters.JUnitReportReporter -->
<testsuite hostname="TIGUNVTIWRL0002" name="bw_dd_testcases.InternalSearch" tests="8" failures="0" timestamp="13 May 2017 07:44:46 GMT" time="0.010" errors="8">
  <testcase name="Postlogin_internalsearch" time="0.000" classname="bw_dd_testcases.InternalSearch"/>
  <testcase name="PreLogin_internalsearch" time="0.000" classname="bw_dd_testcases.InternalSearch"/>
  <testcase name="PreLogin_internalsearch" time="0.003" classname="bw_dd_testcases.InternalSearch"/>
  <testcase name="Postlogin_internalsearch" time="0.001" classname="bw_dd_testcases.InternalSearch"/>
  <testcase name="Postlogin_internalsearch" time="0.003" classname="bw_dd_testcases.InternalSearch"/>
  <testcase name="PreLogin_internalsearch" time="0.003" classname="bw_dd_testcases.InternalSearch"/>
  <testcase name="logout" time="0.000" classname="bw_dd_testcases.InternalSearch"/>
  <testcase name="login" time="0.000" classname="bw_dd_testcases.InternalSearch"/>
</testsuite> <!-- bw_dd_testcases.InternalSearch -->
