<?xml version="1.0" encoding="UTF-8"?>
<!-- Generated by org.testng.reporters.JUnitReportReporter -->
<testsuite hostname="TIGUNVTIWRL0002" name="bw_dd_testcases.AccountSanity" tests="10" failures="0" timestamp="24 May 2017 03:59:29 GMT" time="0.008" errors="10">
  <testcase name="CreateAccount" time="0.000" classname="bw_dd_testcases.AccountSanity"/>
  <testcase name="AccountDashboard" time="0.004" classname="bw_dd_testcases.AccountSanity"/>
  <testcase name="login" time="0.000" classname="bw_dd_testcases.AccountSanity"/>
  <testcase name="createBrand" time="0.004" classname="bw_dd_testcases.AccountSanity"/>
  <testcase name="manageBrand" time="0.000" classname="bw_dd_testcases.AccountSanity"/>
  <testcase name="CreateExecutive" time="0.000" classname="bw_dd_testcases.AccountSanity"/>
  <testcase name="ManagePublication" time="0.000" classname="bw_dd_testcases.AccountSanity"/>
  <testcase name="createManager" time="0.000" classname="bw_dd_testcases.AccountSanity"/>
  <testcase name="manageManager" time="0.000" classname="bw_dd_testcases.AccountSanity"/>
  <testcase name="ExecutiveDashboard" time="0.000" classname="bw_dd_testcases.AccountSanity"/>
</testsuite> <!-- bw_dd_testcases.AccountSanity -->
