<?xml version="1.0" encoding="UTF-8"?>
<!-- Generated by org.testng.reporters.JUnitReportReporter -->
<testsuite hostname="TIGUNVTIWRL0002" name="bw_dd_testcases.BrokenLinks" tests="1" failures="0" timestamp="24 May 2017 03:59:29 GMT" time="0.001" errors="1">
  <testcase name="home_page_links_testing" time="0.001" classname="bw_dd_testcases.BrokenLinks"/>
</testsuite> <!-- bw_dd_testcases.BrokenLinks -->
