<?xml version="1.0" encoding="UTF-8"?>
<!-- Generated by org.testng.reporters.JUnitReportReporter -->
<testsuite hostname="TIGUNVTIWRL0002" name="bw_dd_testcases.FinanceSanity" tests="9" failures="0" timestamp="24 May 2017 03:59:29 GMT" time="0.020" errors="9">
  <testcase name="Invoices" time="0.004" classname="bw_dd_testcases.FinanceSanity"/>
  <testcase name="CreateExecutive" time="0.000" classname="bw_dd_testcases.FinanceSanity"/>
  <testcase name="ManageProduct" time="0.004" classname="bw_dd_testcases.FinanceSanity"/>
  <testcase name="RecordSale" time="0.008" classname="bw_dd_testcases.FinanceSanity"/>
  <testcase name="login" time="0.000" classname="bw_dd_testcases.FinanceSanity"/>
  <testcase name="CreateAccout" time="0.000" classname="bw_dd_testcases.FinanceSanity"/>
  <testcase name="RevenueReports" time="0.000" classname="bw_dd_testcases.FinanceSanity"/>
  <testcase name="FinanceDashboard" time="0.004" classname="bw_dd_testcases.FinanceSanity"/>
  <testcase name="ExecutiveDashboard" time="0.000" classname="bw_dd_testcases.FinanceSanity"/>
</testsuite> <!-- bw_dd_testcases.FinanceSanity -->
