<?xml version="1.0" encoding="UTF-8"?>
<!-- Generated by org.testng.reporters.JUnitReportReporter -->
<testsuite hostname="TIGUNVTIWRL0002" name="bw_dd_testcases.ContentSanity" tests="8" failures="0" timestamp="24 May 2017 03:59:29 GMT" time="0.020" errors="8">
  <testcase name="ContentDashboard" time="0.004" classname="bw_dd_testcases.ContentSanity"/>
  <testcase name="CreateBrandAddendum" time="0.000" classname="bw_dd_testcases.ContentSanity"/>
  <testcase name="CreateBrandCommen" time="0.004" classname="bw_dd_testcases.ContentSanity"/>
  <testcase name="login" time="0.004" classname="bw_dd_testcases.ContentSanity"/>
  <testcase name="CreateExecutive" time="0.000" classname="bw_dd_testcases.ContentSanity"/>
  <testcase name="CreateBrandResponse" time="0.004" classname="bw_dd_testcases.ContentSanity"/>
  <testcase name="ExecutiveDashboard" time="0.004" classname="bw_dd_testcases.ContentSanity"/>
  <testcase name="CreatePressRelease" time="0.000" classname="bw_dd_testcases.ContentSanity"/>
</testsuite> <!-- bw_dd_testcases.ContentSanity -->
